<?xml version="1.0" encoding="UTF-8"?>
<testng-results skipped="0" failed="0" total="1" passed="1">
  <reporter-output>
  </reporter-output>
  <suite name="Command line suite" duration-ms="15" started-at="2012-01-12T19:47:45Z" finished-at="2012-01-12T19:47:45Z">
    <groups>
    </groups>
    <test name="Command line test" duration-ms="15" started-at="2012-01-12T19:47:45Z" finished-at="2012-01-12T19:47:45Z">
      <class name="domain.GameTest">
        <test-method status="PASS" signature="testGameScenario()[pri:0, instance:domain.GameTest@6acd5f8b]" name="testGameScenario" duration-ms="5" started-at="2012-01-12T19:47:45Z" finished-at="2012-01-12T19:47:45Z">
        </test-method>
      </class>
    </test>
  </suite>
</testng-results>
